mode: atomic
github.com/sermojohn/gitmono/pkg/gitmono/version.go:20.119,27.2 1 0
github.com/sermojohn/gitmono/pkg/gitmono/version.go:30.69,32.16 2 0
github.com/sermojohn/gitmono/pkg/gitmono/version.go:36.2,36.27 1 0
github.com/sermojohn/gitmono/pkg/gitmono/version.go:63.2,63.17 1 0
github.com/sermojohn/gitmono/pkg/gitmono/version.go:32.16,34.3 1 0
github.com/sermojohn/gitmono/pkg/gitmono/version.go:36.27,38.58 2 0
github.com/sermojohn/gitmono/pkg/gitmono/version.go:42.3,43.17 2 0
github.com/sermojohn/gitmono/pkg/gitmono/version.go:47.3,48.17 2 0
github.com/sermojohn/gitmono/pkg/gitmono/version.go:52.3,60.30 3 0
github.com/sermojohn/gitmono/pkg/gitmono/version.go:38.58,39.12 1 0
github.com/sermojohn/gitmono/pkg/gitmono/version.go:43.17,45.4 1 0
github.com/sermojohn/gitmono/pkg/gitmono/version.go:48.17,50.4 1 0
github.com/sermojohn/gitmono/pkg/gitmono/version.go:66.68,68.15 2 0
github.com/sermojohn/gitmono/pkg/gitmono/version.go:72.2,72.32 1 0
github.com/sermojohn/gitmono/pkg/gitmono/version.go:68.15,70.3 1 0
github.com/sermojohn/gitmono/pkg/gitmono/version.go:75.69,80.65 2 0
github.com/sermojohn/gitmono/pkg/gitmono/version.go:84.2,85.16 2 0
github.com/sermojohn/gitmono/pkg/gitmono/version.go:89.2,89.27 1 0
github.com/sermojohn/gitmono/pkg/gitmono/version.go:80.65,82.3 1 0
github.com/sermojohn/gitmono/pkg/gitmono/version.go:85.16,87.3 1 0
github.com/sermojohn/gitmono/pkg/gitmono/version.go:95.84,97.16 2 0
github.com/sermojohn/gitmono/pkg/gitmono/version.go:100.2,100.27 1 0
github.com/sermojohn/gitmono/pkg/gitmono/version.go:104.2,105.16 2 0
github.com/sermojohn/gitmono/pkg/gitmono/version.go:109.2,110.16 2 0
github.com/sermojohn/gitmono/pkg/gitmono/version.go:114.2,114.32 1 0
github.com/sermojohn/gitmono/pkg/gitmono/version.go:97.16,99.3 1 0
github.com/sermojohn/gitmono/pkg/gitmono/version.go:100.27,102.3 1 0
github.com/sermojohn/gitmono/pkg/gitmono/version.go:105.16,107.3 1 0
github.com/sermojohn/gitmono/pkg/gitmono/version.go:110.16,112.3 1 0
github.com/sermojohn/gitmono/pkg/gitmono/version.go:118.78,120.16 2 0
github.com/sermojohn/gitmono/pkg/gitmono/version.go:123.2,123.27 1 0
github.com/sermojohn/gitmono/pkg/gitmono/version.go:127.2,128.16 2 0
github.com/sermojohn/gitmono/pkg/gitmono/version.go:132.2,139.16 3 0
github.com/sermojohn/gitmono/pkg/gitmono/version.go:143.2,143.33 1 0
github.com/sermojohn/gitmono/pkg/gitmono/version.go:120.16,122.3 1 0
github.com/sermojohn/gitmono/pkg/gitmono/version.go:123.27,125.3 1 0
github.com/sermojohn/gitmono/pkg/gitmono/version.go:128.16,130.3 1 0
github.com/sermojohn/gitmono/pkg/gitmono/version.go:139.16,141.3 1 0
github.com/sermojohn/gitmono/pkg/gitmono/version.go:146.67,148.21 2 0
github.com/sermojohn/gitmono/pkg/gitmono/version.go:152.2,152.31 1 0
github.com/sermojohn/gitmono/pkg/gitmono/version.go:148.21,150.3 1 0
github.com/sermojohn/gitmono/pkg/gitmono/version.go:155.115,157.16 2 3
github.com/sermojohn/gitmono/pkg/gitmono/version.go:160.2,160.26 1 3
github.com/sermojohn/gitmono/pkg/gitmono/version.go:164.2,165.36 2 2
github.com/sermojohn/gitmono/pkg/gitmono/version.go:172.2,172.17 1 2
github.com/sermojohn/gitmono/pkg/gitmono/version.go:175.2,176.16 2 2
github.com/sermojohn/gitmono/pkg/gitmono/version.go:180.2,186.33 2 2
github.com/sermojohn/gitmono/pkg/gitmono/version.go:157.16,159.3 1 0
github.com/sermojohn/gitmono/pkg/gitmono/version.go:160.26,162.3 1 1
github.com/sermojohn/gitmono/pkg/gitmono/version.go:165.36,167.18 2 2
github.com/sermojohn/gitmono/pkg/gitmono/version.go:167.18,168.9 1 2
github.com/sermojohn/gitmono/pkg/gitmono/version.go:172.17,174.3 1 0
github.com/sermojohn/gitmono/pkg/gitmono/version.go:176.16,178.3 1 0
github.com/sermojohn/gitmono/pkg/gitmono/bumper.go:17.68,19.23 2 10
github.com/sermojohn/gitmono/pkg/gitmono/bumper.go:23.2,23.65 1 10
github.com/sermojohn/gitmono/pkg/gitmono/bumper.go:19.23,21.3 1 0
github.com/sermojohn/gitmono/pkg/gitmono/bumper.go:28.68,30.23 2 8
github.com/sermojohn/gitmono/pkg/gitmono/bumper.go:34.2,34.79 1 8
github.com/sermojohn/gitmono/pkg/gitmono/bumper.go:30.23,32.3 1 0
github.com/sermojohn/gitmono/pkg/gitmono/bumper.go:39.68,41.23 2 7
github.com/sermojohn/gitmono/pkg/gitmono/bumper.go:45.2,45.93 1 7
github.com/sermojohn/gitmono/pkg/gitmono/bumper.go:41.23,43.3 1 0
github.com/sermojohn/gitmono/pkg/gitmono/commit_parse.go:18.62,22.2 1 0
github.com/sermojohn/gitmono/pkg/gitmono/commit_parse.go:24.79,28.19 3 3
github.com/sermojohn/gitmono/pkg/gitmono/commit_parse.go:35.2,35.10 1 3
github.com/sermojohn/gitmono/pkg/gitmono/commit_parse.go:29.22,30.35 1 1
github.com/sermojohn/gitmono/pkg/gitmono/commit_parse.go:31.16,32.30 1 1
github.com/sermojohn/gitmono/pkg/gitmono/commit_parse.go:42.57,46.49 2 1
github.com/sermojohn/gitmono/pkg/gitmono/commit_parse.go:52.2,52.64 1 1
github.com/sermojohn/gitmono/pkg/gitmono/commit_parse.go:58.2,58.53 1 0
github.com/sermojohn/gitmono/pkg/gitmono/commit_parse.go:63.2,63.12 1 0
github.com/sermojohn/gitmono/pkg/gitmono/commit_parse.go:46.49,49.3 2 0
github.com/sermojohn/gitmono/pkg/gitmono/commit_parse.go:52.64,55.3 2 1
github.com/sermojohn/gitmono/pkg/gitmono/commit_parse.go:58.53,61.3 2 0
github.com/sermojohn/gitmono/pkg/gitmono/commit_parse.go:70.75,74.29 3 1
github.com/sermojohn/gitmono/pkg/gitmono/commit_parse.go:77.2,77.16 1 1
github.com/sermojohn/gitmono/pkg/gitmono/commit_parse.go:74.29,76.3 1 5
github.com/sermojohn/gitmono/pkg/gitmono/commit_parse.go:97.52,98.31 1 1
github.com/sermojohn/gitmono/pkg/gitmono/commit_parse.go:103.2,103.31 1 1
github.com/sermojohn/gitmono/pkg/gitmono/commit_parse.go:108.2,108.31 1 0
github.com/sermojohn/gitmono/pkg/gitmono/commit_parse.go:113.2,113.12 1 0
github.com/sermojohn/gitmono/pkg/gitmono/commit_parse.go:98.31,101.3 2 0
github.com/sermojohn/gitmono/pkg/gitmono/commit_parse.go:103.31,106.3 2 1
github.com/sermojohn/gitmono/pkg/gitmono/commit_parse.go:108.31,111.3 2 0
github.com/sermojohn/gitmono/pkg/gitmono/diff.go:16.48,22.2 2 0
github.com/sermojohn/gitmono/pkg/gitmono/diff.go:26.56,30.16 2 0
github.com/sermojohn/gitmono/pkg/gitmono/diff.go:34.2,38.37 2 0
github.com/sermojohn/gitmono/pkg/gitmono/diff.go:43.2,43.26 1 0
github.com/sermojohn/gitmono/pkg/gitmono/diff.go:30.16,32.3 1 0
github.com/sermojohn/gitmono/pkg/gitmono/diff.go:38.37,39.62 1 0
github.com/sermojohn/gitmono/pkg/gitmono/diff.go:39.62,41.4 1 0
github.com/sermojohn/gitmono/pkg/gitmono/log.go:16.46,18.2 1 0
github.com/sermojohn/gitmono/pkg/gitmono/log.go:21.59,27.2 2 0
github.com/sermojohn/gitmono/pkg/gitmono/log.go:30.64,32.16 2 0
github.com/sermojohn/gitmono/pkg/gitmono/log.go:36.2,36.32 1 0
github.com/sermojohn/gitmono/pkg/gitmono/log.go:32.16,34.3 1 0
github.com/sermojohn/gitmono/pkg/gitmono/tag.go:11.46,15.2 1 0
github.com/sermojohn/gitmono/pkg/gitmono/tag.go:18.40,20.2 1 0
github.com/sermojohn/gitmono/pkg/gitmono/tag.go:23.73,25.2 1 0
